<?xml version="1.0" encoding="UTF-8"?>
<testsuite name="EncryptionTest" tests="2" skipped="0" failures="0" errors="0" timestamp="2015-10-01T18:16:30" hostname="Maggie-ONeill.local" time="0.0">
  <properties/>
  <testcase name="encryption_replacesCapitalizedVowels_returnsEncryptedPhrase" classname="EncryptionTest" time="0.0"/>
  <testcase name="encryption_replacesVowelsWithDashes_returnsEncryptedPhrase" classname="EncryptionTest" time="0.0"/>
  <system-out><![CDATA[]]></system-out>
  <system-err><![CDATA[]]></system-err>
</testsuite>
